10/20/17 23:26:08 >> what afjjw aj;a
10/20/17 23:26:11 >> one
10/20/17 23:33:02 >> one
10/20/17 23:33:36 >> five things
10/20/17 23:33:37 >> five things
10/20/17 23:33:39 >> five things
10/20/17 23:33:41 >> five things!
10/20/17 23:33:49 >> four
10/20/17 23:35:05 >> 
10/20/17 23:35:16 >> 
10/20/17 23:36:00 >> 
10/20/17 23:36:01 >> 
10/20/17 23:36:02 >> 
10/20/17 23:36:02 >> 
10/20/17 23:36:02 >> 
10/20/17 23:36:02 >> 
10/20/17 23:36:03 >> 
10/20/17 23:36:03 >> 
10/20/17 23:36:03 >> 
10/20/17 23:36:03 >> 
10/20/17 23:36:03 >> 
10/20/17 23:36:03 >> 
10/20/17 23:36:04 >> 
10/20/17 23:36:04 >> 
10/20/17 23:36:04 >> 
10/20/17 23:36:04 >> 
10/20/17 23:36:04 >> 
10/20/17 23:36:04 >> 
10/20/17 23:36:05 >> 
10/20/17 23:36:05 >> 
10/20/17 23:36:05 >> 
10/20/17 23:36:05 >> 
10/20/17 23:36:05 >> 
